Compiling the C compiler identification source file "CMakeCCompilerId.c" failed.
Compiler: /Library/Developer/CommandLineTools/usr/bin/cc 
Build flags: 
Id flags:  

The output was:
1
ld: library not found for -lSystem
clang: error: linker command failed with exit code 1 (use -v to see invocation)


Compiling the CXX compiler identification source file "CMakeCXXCompilerId.cpp" failed.
Compiler: /Library/Developer/CommandLineTools/usr/bin/c++ 
Build flags: 
Id flags:  

The output was:
1
ld: library not found for -lc++
clang: error: linker command failed with exit code 1 (use -v to see invocation)


Determining if the function getsockname exists in the socket failed with the following output:
Change Dir: /Users/lisa/Desktop/BRPRobot2021/SNR/OpenIGTLink-build/CMakeFiles/CMakeTmp

Run Build Command(s):/usr/bin/make -f Makefile cmTC_291a1/fast && /Library/Developer/CommandLineTools/usr/bin/make  -f CMakeFiles/cmTC_291a1.dir/build.make CMakeFiles/cmTC_291a1.dir/build
Building C object CMakeFiles/cmTC_291a1.dir/CheckFunctionExists.c.o
/Library/Developer/CommandLineTools/usr/bin/cc   -DCHECK_FUNCTION_EXISTS=getsockname -isysroot /Library/Developer/CommandLineTools/SDKs/MacOSX11.3.sdk -MD -MT CMakeFiles/cmTC_291a1.dir/CheckFunctionExists.c.o -MF CMakeFiles/cmTC_291a1.dir/CheckFunctionExists.c.o.d -o CMakeFiles/cmTC_291a1.dir/CheckFunctionExists.c.o -c /usr/local/Cellar/cmake/3.21.3_1/share/cmake/Modules/CheckFunctionExists.c
Linking C executable cmTC_291a1
/usr/local/Cellar/cmake/3.21.3_1/bin/cmake -E cmake_link_script CMakeFiles/cmTC_291a1.dir/link.txt --verbose=1
/Library/Developer/CommandLineTools/usr/bin/cc   -DCHECK_FUNCTION_EXISTS=getsockname -isysroot /Library/Developer/CommandLineTools/SDKs/MacOSX11.3.sdk -Wl,-search_paths_first -Wl,-headerpad_max_install_names CMakeFiles/cmTC_291a1.dir/CheckFunctionExists.c.o -o cmTC_291a1  -lsocket 
ld: library not found for -lsocket
clang: error: linker command failed with exit code 1 (use -v to see invocation)
make[1]: *** [cmTC_291a1] Error 1
make: *** [cmTC_291a1/fast] Error 2



Determining size of __int64 failed with the following output:
Change Dir: /Users/lisa/Desktop/BRPRobot2021/SNR/OpenIGTLink-build/CMakeFiles/CMakeTmp

Run Build Command(s):/usr/bin/make -f Makefile cmTC_4b381/fast && /Library/Developer/CommandLineTools/usr/bin/make  -f CMakeFiles/cmTC_4b381.dir/build.make CMakeFiles/cmTC_4b381.dir/build
Building C object CMakeFiles/cmTC_4b381.dir/CMAKE_SIZEOF___INT64.c.o
/Library/Developer/CommandLineTools/usr/bin/cc   -isysroot /Library/Developer/CommandLineTools/SDKs/MacOSX11.3.sdk -MD -MT CMakeFiles/cmTC_4b381.dir/CMAKE_SIZEOF___INT64.c.o -MF CMakeFiles/cmTC_4b381.dir/CMAKE_SIZEOF___INT64.c.o.d -o CMakeFiles/cmTC_4b381.dir/CMAKE_SIZEOF___INT64.c.o -c /Users/lisa/Desktop/BRPRobot2021/SNR/OpenIGTLink-build/CMakeFiles/CheckTypeSize/CMAKE_SIZEOF___INT64.c
/Users/lisa/Desktop/BRPRobot2021/SNR/OpenIGTLink-build/CMakeFiles/CheckTypeSize/CMAKE_SIZEOF___INT64.c:29:12: error: use of undeclared identifier '__int64'
  ('0' + ((SIZE / 10000)%10)),
           ^
/Users/lisa/Desktop/BRPRobot2021/SNR/OpenIGTLink-build/CMakeFiles/CheckTypeSize/CMAKE_SIZEOF___INT64.c:27:22: note: expanded from macro 'SIZE'
#define SIZE (sizeof(__int64))
                     ^
/Users/lisa/Desktop/BRPRobot2021/SNR/OpenIGTLink-build/CMakeFiles/CheckTypeSize/CMAKE_SIZEOF___INT64.c:30:12: error: use of undeclared identifier '__int64'
  ('0' + ((SIZE / 1000)%10)),
           ^
/Users/lisa/Desktop/BRPRobot2021/SNR/OpenIGTLink-build/CMakeFiles/CheckTypeSize/CMAKE_SIZEOF___INT64.c:27:22: note: expanded from macro 'SIZE'
#define SIZE (sizeof(__int64))
                     ^
/Users/lisa/Desktop/BRPRobot2021/SNR/OpenIGTLink-build/CMakeFiles/CheckTypeSize/CMAKE_SIZEOF___INT64.c:31:12: error: use of undeclared identifier '__int64'
  ('0' + ((SIZE / 100)%10)),
           ^
/Users/lisa/Desktop/BRPRobot2021/SNR/OpenIGTLink-build/CMakeFiles/CheckTypeSize/CMAKE_SIZEOF___INT64.c:27:22: note: expanded from macro 'SIZE'
#define SIZE (sizeof(__int64))
                     ^
/Users/lisa/Desktop/BRPRobot2021/SNR/OpenIGTLink-build/CMakeFiles/CheckTypeSize/CMAKE_SIZEOF___INT64.c:32:12: error: use of undeclared identifier '__int64'
  ('0' + ((SIZE / 10)%10)),
           ^
/Users/lisa/Desktop/BRPRobot2021/SNR/OpenIGTLink-build/CMakeFiles/CheckTypeSize/CMAKE_SIZEOF___INT64.c:27:22: note: expanded from macro 'SIZE'
#define SIZE (sizeof(__int64))
                     ^
/Users/lisa/Desktop/BRPRobot2021/SNR/OpenIGTLink-build/CMakeFiles/CheckTypeSize/CMAKE_SIZEOF___INT64.c:33:12: error: use of undeclared identifier '__int64'
  ('0' +  (SIZE    % 10)),
           ^
/Users/lisa/Desktop/BRPRobot2021/SNR/OpenIGTLink-build/CMakeFiles/CheckTypeSize/CMAKE_SIZEOF___INT64.c:27:22: note: expanded from macro 'SIZE'
#define SIZE (sizeof(__int64))
                     ^
5 errors generated.
make[1]: *** [CMakeFiles/cmTC_4b381.dir/CMAKE_SIZEOF___INT64.c.o] Error 1
make: *** [cmTC_4b381/fast] Error 2


/Users/lisa/Desktop/BRPRobot2021/SNR/OpenIGTLink-build/CMakeFiles/CheckTypeSize/CMAKE_SIZEOF___INT64.c:
#include <sys/types.h>
#include <stdint.h>
#include <stddef.h>


#undef KEY
#if defined(__i386)
# define KEY '_','_','i','3','8','6'
#elif defined(__x86_64)
# define KEY '_','_','x','8','6','_','6','4'
#elif defined(__PPC64__)
# define KEY '_','_','P','P','C','6','4','_','_'
#elif defined(__ppc64__)
# define KEY '_','_','p','p','c','6','4','_','_'
#elif defined(__PPC__)
# define KEY '_','_','P','P','C','_','_'
#elif defined(__ppc__)
# define KEY '_','_','p','p','c','_','_'
#elif defined(__aarch64__)
# define KEY '_','_','a','a','r','c','h','6','4','_','_'
#elif defined(__ARM_ARCH_7A__)
# define KEY '_','_','A','R','M','_','A','R','C','H','_','7','A','_','_'
#elif defined(__ARM_ARCH_7S__)
# define KEY '_','_','A','R','M','_','A','R','C','H','_','7','S','_','_'
#endif

#define SIZE (sizeof(__int64))
static char info_size[] =  {'I', 'N', 'F', 'O', ':', 's','i','z','e','[',
  ('0' + ((SIZE / 10000)%10)),
  ('0' + ((SIZE / 1000)%10)),
  ('0' + ((SIZE / 100)%10)),
  ('0' + ((SIZE / 10)%10)),
  ('0' +  (SIZE    % 10)),
  ']',
#ifdef KEY
  ' ','k','e','y','[', KEY, ']',
#endif
  '\0'};

#ifdef __CLASSIC_C__
int main(argc, argv) int argc; char *argv[];
#else
int main(int argc, char *argv[])
#endif
{
  int require = 0;
  require += info_size[argc];
  (void)argv;
  return require;
}


